checking whether make supports nested variables... yes

Building libtorrent-rasterbar 1.0.4

Checking for a C/C++ compiler to use:
checking for gcc... gcc
checking whether the C compiler works... yes
checking for C compiler default output file name... a.out
checking for suffix of executables... 
checking whether we are cross compiling... no
checking for suffix of object files... o
checking whether we are using the GNU C compiler... yes
checking whether gcc accepts -g... yes
checking for gcc option to accept ISO C89... none needed
checking whether gcc understands -c and -o together... yes
checking how to run the C preprocessor... gcc -E
checking whether gcc and cc understand -c and -o together... yes
checking for g++... g++
checking whether we are using the GNU C++ compiler... yes
checking whether g++ accepts -g... yes
checking how to run the C++ preprocessor... g++ -E
checking whether g++ understands -c and -o together... yes

Checking system type:
checking build system type... x86_64-unknown-linux-gnu
checking host system type... x86_64-unknown-linux-gnu
checking target system type... x86_64-unknown-linux-gnu

Initializing Automake:
checking for a BSD-compatible install... /usr/bin/install -c
checking whether build environment is sane... yes
checking for a thread-safe mkdir -p... /usr/bin/mkdir -p
checking for gawk... gawk
checking whether make sets $(MAKE)... yes
checking for style of include used by make... GNU
checking dependency style of gcc... gcc3
checking dependency style of g++... gcc3

Initializing Libtool:
checking how to print strings... printf
checking for a sed that does not truncate output... /usr/bin/sed
checking for grep that handles long lines and -e... /usr/bin/grep
checking for egrep... /usr/bin/grep -E
checking for fgrep... /usr/bin/grep -F
checking for ld used by gcc... /usr/bin/ld
checking if the linker (/usr/bin/ld) is GNU ld... yes
checking for BSD- or MS-compatible name lister (nm)... /usr/bin/nm -B
checking the name lister (/usr/bin/nm -B) interface... BSD nm
checking whether ln -s works... yes
checking the maximum length of command line arguments... 1572864
checking how to convert x86_64-unknown-linux-gnu file names to x86_64-unknown-linux-gnu format... func_convert_file_noop
checking how to convert x86_64-unknown-linux-gnu file names to toolchain format... func_convert_file_noop
checking for /usr/bin/ld option to reload object files... -r
checking for objdump... objdump
checking how to recognize dependent libraries... pass_all
checking for dlltool... no
checking how to associate runtime and link libraries... printf %s\n
checking for ar... ar
checking for archiver @FILE support... @
checking for strip... strip
checking for ranlib... ranlib
checking command to parse /usr/bin/nm -B output from gcc object... ok
checking for sysroot... no
checking for a working dd... /usr/bin/dd
checking how to truncate binary pipes... /usr/bin/dd bs=4096 count=1
checking for mt... no
checking if : is a manifest tool... no
checking for ANSI C header files... yes
checking for sys/types.h... yes
checking for sys/stat.h... yes
checking for stdlib.h... yes
checking for string.h... yes
checking for memory.h... yes
checking for strings.h... yes
checking for inttypes.h... yes
checking for stdint.h... yes
checking for unistd.h... yes
checking for dlfcn.h... yes
checking for objdir... .libs
checking if gcc supports -fno-rtti -fno-exceptions... no
checking for gcc option to produce PIC... -fPIC -DPIC
checking if gcc PIC flag -fPIC -DPIC works... yes
checking if gcc static flag -static works... yes
checking if gcc supports -c -o file.o... yes
checking if gcc supports -c -o file.o... (cached) yes
checking whether the gcc linker (/usr/bin/ld -m elf_x86_64) supports shared libraries... yes
checking whether -lc should be explicitly linked in... no
checking dynamic linker characteristics... GNU/Linux ld.so
checking how to hardcode library paths into programs... immediate
checking whether stripping libraries is possible... yes
checking if libtool supports shared libraries... yes
checking whether to build shared libraries... yes
checking whether to build static libraries... yes
checking how to run the C++ preprocessor... g++ -E
checking for ld used by g++... /usr/bin/ld -m elf_x86_64
checking if the linker (/usr/bin/ld -m elf_x86_64) is GNU ld... yes
checking whether the g++ linker (/usr/bin/ld -m elf_x86_64) supports shared libraries... yes
checking for g++ option to produce PIC... -fPIC -DPIC
checking if g++ PIC flag -fPIC -DPIC works... yes
checking if g++ static flag -static works... yes
checking if g++ supports -c -o file.o... yes
checking if g++ supports -c -o file.o... (cached) yes
checking whether the g++ linker (/usr/bin/ld -m elf_x86_64) supports shared libraries... yes
checking dynamic linker characteristics... (cached) GNU/Linux ld.so
checking how to hardcode library paths into programs... immediate

Checking for posix thread support:
checking for the pthreads library -lpthreads... no
checking whether pthreads work without any flags... no
checking whether pthreads work with -Kthread... no
checking whether pthreads work with -kthread... no
checking for the pthreads library -llthread... no
checking whether pthreads work with -lpthread... yes
checking for joinable pthread attribute... PTHREAD_CREATE_JOINABLE
checking if more special flags are required for pthreads... no
checking whether to check for GCC pthread/shared inconsistencies... yes
checking whether -lpthread fixes that... yes
Checking for visibility support:
checking for __attribute__((visibility("hidden")))... found
yes

Checking for boost libraries:
checking for boostlib >= 1.36... yes
checking whether the Boost::System library is available... yes
checking for exit in -lboost_system... yes

Checking for pkg-config:
checking for pkg-config... /usr/bin/pkg-config
checking pkg-config is at least version 0.20... yes

Checking for functions and headers:
checking for special C compiler options needed for large files... no
checking for _FILE_OFFSET_BITS value needed for large files... no
checking whether ln -s works... yes
checking whether make sets $(MAKE)... (cached) yes
checking for gethostbyname... yes
checking for gethostbyname_r... yes
checking for clock_gettime... yes

Checking build options:
checking whether deprecated functions should be enabled... yes
checking whether debug build should be enabled... no
checking whether invariant check should be enabled... no
checking whether logging to disk should be enabled... no
checking whether statistics logging should be enabled... no
checking whether disk activity logging should be enabled... no

Checking features to be enabled:
checking whether encryption support should be enabled... yes
configure: encryption support: now checking for the OpenSSL library...
checking for pkg-config... /usr/bin/pkg-config
checking whether compiling and linking against OpenSSL works... yes
checking whether geoip support should be enabled... yes
checking whether dht support should be enabled... yes
checking whether pool allocators should be enabled... yes

Checking for extra build files:
checking whether example files should be built... no
checking whether test files should be built... no
checking whether python bindings should be built... yes
checking whether /usr/bin/python2 version is >= 2.4... yes
checking for /usr/bin/python2 version... 2.7
checking for /usr/bin/python2 platform... linux2
checking for /usr/bin/python2 script directory... ${prefix}/lib/python2.7/site-packages
checking for /usr/bin/python2 extension module directory... ${exec_prefix}/lib/python2.7/site-packages
checking for python2.7... /usr/bin/python2
checking for a version of Python >= '2.1.0'... yes
checking for a version of Python >= '2.4'... yes
checking for the distutils Python package... yes
checking for Python include path... -I/usr/include/python2.7
checking for Python library path... -L/usr/lib -lpython2.7
checking for Python site-packages path... /usr/lib/python2.7/site-packages
checking python extra libraries...  -lpthread -ldl  -lutil
checking consistency of all components of python development environment... yes
checking whether the Boost::Python library is available... yes
checking for main in -lboost_python... yes

Checking for external libraries:
checking for FIEMAP support... checking linux/types.h usability... yes
checking linux/types.h presence... yes
checking for linux/types.h... yes
checking for linux/fiemap.h... yes
checking whether to link against system libgeoip... yes
configure: libgeoip: now checking for the libgeoip library...
checking for libgeoip with pkg-config... yes
checking for GEOIP... yes
checking whether to link against system libiconv... checking for shared library run path origin... done

Generating Makefiles:
checking that generated files are newer than configure... done
configure: creating ./config.status
config.status: creating Makefile
config.status: creating src/Makefile
config.status: creating include/libtorrent/Makefile
config.status: creating examples/Makefile
config.status: creating test/Makefile
config.status: creating tools/Makefile
config.status: creating bindings/Makefile
config.status: creating bindings/python/Makefile
config.status: creating bindings/python/link_flags
config.status: creating bindings/python/compile_flags
config.status: creating libtorrent-rasterbar.pc
config.status: creating libtorrent-rasterbar-cmake.pc
config.status: executing depfiles commands
config.status: executing libtool commands

Configure script has finished system check.

   Config results:
  -=-=-=-=-=-=-=-=-

Package:
  name:                 libtorrent-rasterbar
  version:              1.0.4
  svn revision:         10888

Build environment:
  build system:         x86_64-unknown-linux-gnu
  host system:          x86_64-unknown-linux-gnu
  target system:        x86_64-unknown-linux-gnu

Compiler and linker flags:
  CPPFlags:             -I/usr/include -D_FORTIFY_SOURCE=2
  CFlags:               -I/usr/include/  -lpthread -march=x86-64 -mtune=generic -O2 -pipe -fstack-protector-strong --param=ssp-buffer-size=4 -fvisibility=hidden
  CXXFlags:             -march=x86-64 -mtune=generic -O2 -pipe -fstack-protector-strong --param=ssp-buffer-size=4 -ftemplate-depth=120 -fvisibility=hidden -fvisibility-inlines-hidden
  LDFlags:              -L/usr/lib64 -Wl,-O1,--sort-common,--as-needed,-z,relro -fvisibility=hidden -fvisibility-inlines-hidden
  Libs:                 -lGeoIP  -lpthread  
  Defs:                 -DPACKAGE_NAME=\"libtorrent-rasterbar\" -DPACKAGE_TARNAME=\"libtorrent-rasterbar\" -DPACKAGE_VERSION=\"1.0.4\" -DPACKAGE_STRING=\"libtorrent-rasterbar\ 1.0.4\" -DPACKAGE_BUGREPORT=\"arvid@libtorrent.org\" -DPACKAGE_URL=\"http://www.libtorrent.org\" -DPACKAGE=\"libtorrent-rasterbar\" -DVERSION=\"1.0.4\" -DSTDC_HEADERS=1 -DHAVE_SYS_TYPES_H=1 -DHAVE_SYS_STAT_H=1 -DHAVE_STDLIB_H=1 -DHAVE_STRING_H=1 -DHAVE_MEMORY_H=1 -DHAVE_STRINGS_H=1 -DHAVE_INTTYPES_H=1 -DHAVE_STDINT_H=1 -DHAVE_UNISTD_H=1 -DHAVE_DLFCN_H=1 -DLT_OBJDIR=\".libs/\" -DHAVE_PTHREAD=1 -DHAVE_BOOST=/\*\*/ -DHAVE_BOOST_SYSTEM=1 -DHAVE_GETHOSTBYNAME=1 -DHAVE_GETHOSTBYNAME_R=1 -DGETHOSTBYNAME_R_RETURNS_INT=1 -DHAVE_CLOCK_GETTIME=1 -DNDEBUG=1 -DTORRENT_USE_OPENSSL=1 -DHAVE_PYTHON=\"2.7\" -DHAVE_BOOST_PYTHON=1 -DHAVE_LINUX_TYPES_H=1 -DHAVE_LINUX_FIEMAP_H=1 -DBOOST_ASIO_HASH_MAP_BUCKETS=1021 -DBOOST_EXCEPTION_DISABLE=1 -DBOOST_ASIO_ENABLE_CANCELIO=1 -DBOOST_ASIO_DYN_LINK=1 -DTORRENT_BUILDING_SHARED=1

Build options:
  deprecated functions: yes
  debug build:          no
  invariant checks:     no
  logging support:      no
  statistics:           no
  disk statistics:      no

Features:
  encryption support:   yes
  geoip support:        yes
  dht support:          yes
  pool allocators:      yes

Extra builds:
  examples:             no
  tests:                no
  python bindings:      yes

Pthread library:
  CFlags:               -lpthread
  Libs:                 -lpthread 

Boost libraries:
  version:              
  CPPFlags:             -I/usr/include
  LDFlags:              -L/usr/lib64
  boost.system:         -lboost_system
  boost.python:         -lboost_python

Python environment:
  -automake-
  binary:               /usr/bin/python2
  version:              2.7
  platform:             linux2
  prefix:               ${prefix}
  exec_prefix:          ${exec_prefix}
  pythondir:            ${prefix}/lib/python2.7/site-packages
  pkgpythondir:         ${pythondir}/libtorrent-rasterbar
  pyexecdir:            ${exec_prefix}/lib/python2.7/site-packages
  pkgpyexecdir:         ${pyexecdir}/libtorrent-rasterbar

  -m4-
  cppflags:             -I/usr/include/python2.7
  ldflags:              -L/usr/lib -lpython2.7
  extra libs:            -lpthread -ldl  -lutil


External libraries:
  system libgeoip:      system
  system libiconv:      no

OpenSSL library:
  OpenSSL Libs:         -lssl -lcrypto 
  OpenSSL LDFlags:      
  OpenSSL Includes:     

Type 'make' to compile libtorrent-rasterbar 1.0.4
or type 'make V=1' for verbose compiling
and then 'make install' to install it into /usr

Making all in include/libtorrent
make[1]: Entering directory '/build/libtorrent-rasterbar-1/src/libtorrent-rasterbar-1.0.4/include/libtorrent'
make[1]: Nothing to be done for 'all'.
make[1]: Leaving directory '/build/libtorrent-rasterbar-1/src/libtorrent-rasterbar-1.0.4/include/libtorrent'
Making all in src
make[1]: Entering directory '/build/libtorrent-rasterbar-1/src/libtorrent-rasterbar-1.0.4/src'
  CXX      web_connection_base.lo
  CXX      alert.lo
  CXX      alert_manager.lo
  CXX      allocator.lo
  CXX      asio.lo
  CXX      assert.lo
  CXX      bandwidth_limit.lo
  CXX      bandwidth_manager.lo
  CXX      bandwidth_queue_entry.lo
  CXX      bloom_filter.lo
  CXX      broadcast_socket.lo
  CXX      bt_peer_connection.lo
  CXX      chained_buffer.lo
  CXX      connection_queue.lo
  CXX      ConvertUTF.lo
  CXX      create_torrent.lo
  CXX      disk_buffer_holder.lo
  CXX      disk_buffer_pool.lo
  CXX      disk_io_thread.lo
  CXX      entry.lo
  CXX      enum_net.lo
  CXX      error_code.lo
  CXX      escape_string.lo
  CXX      file.lo
  CXX      file_pool.lo
  CXX      file_storage.lo
  CXX      gzip.lo
  CXX      hasher.lo
  CXX      http_connection.lo
  CXX      http_parser.lo
  CXX      http_seed_connection.lo
  CXX      http_stream.lo
  CXX      http_tracker_connection.lo
  CXX      i2p_stream.lo
  CXX      identify_client.lo
  CXX      instantiate_connection.lo
  CXX      ip_filter.lo
  CXX      ip_voter.lo
  CXX      lazy_bdecode.lo
  CXX      logger.lo
  CXX      lsd.lo
  CXX      lt_trackers.lo
  CXX      magnet_uri.lo
  CXX      metadata_transfer.lo
  CC       mpi.lo
  CXX      natpmp.lo
  CXX      parse_url.lo
  CXX      pe_crypto.lo
  CXX      peer_connection.lo
  CXX      piece_picker.lo
  CXX      packet_buffer.lo
  CXX      policy.lo
  CXX      puff.lo
  CXX      random.lo
  CXX      rss.lo
  CXX      session.lo
  CXX      session_impl.lo
  CXX      settings.lo
  CXX      sha1.lo
  CXX      smart_ban.lo
  CXX      socket_io.lo
  CXX      socket_type.lo
  CXX      socks5_stream.lo
  CXX      stat.lo
  CXX      storage.lo
  CXX      string_util.lo
  CXX      thread.lo
  CXX      torrent.lo
  CXX      torrent_handle.lo
  CXX      torrent_info.lo
  CXX      time.lo
  CXX      timestamp_history.lo
  CXX      tracker_manager.lo
  CXX      udp_socket.lo
  CXX      udp_tracker_connection.lo
  CXX      upnp.lo
  CXX      ut_metadata.lo
  CXX      ut_pex.lo
  CXX      utf8.lo
  CXX      utp_socket_manager.lo
  CXX      utp_stream.lo
  CXX      web_peer_connection.lo
  CXX      xml_parse.lo
  CXX      asio_ssl.lo
  CXX      kademlia/dht_tracker.lo
  CXX      kademlia/find_data.lo
  CXX      kademlia/node.lo
  CXX      kademlia/node_id.lo
  CXX      kademlia/refresh.lo
  CXX      kademlia/routing_table.lo
  CXX      kademlia/rpc_manager.lo
  CXX      kademlia/logging.lo
  CXX      kademlia/traversal_algorithm.lo
  CXX      kademlia/get_peers.lo
  CXX      kademlia/get_item.lo
  CXX      kademlia/item.lo
  CXX      ../ed25519/src/add_scalar.lo
  CXX      ../ed25519/src/fe.lo
  CXX      ../ed25519/src/ge.lo
  CXX      ../ed25519/src/key_exchange.lo
  CXX      ../ed25519/src/keypair.lo
  CXX      ../ed25519/src/sc.lo
  CXX      ../ed25519/src/seed.lo
  CXX      ../ed25519/src/sha512.lo
  CXX      ../ed25519/src/sign.lo
../ed25519/src/seed.cpp: In function 'int ed25519_create_seed(unsigned char*)':
../ed25519/src/seed.cpp:33:26: warning: ignoring return value of 'size_t fread(void*, size_t, size_t, FILE*)', declared with attribute warn_unused_result [-Wunused-result]
     fread(seed, 1, 32, f);
                          ^
  CXX      ../ed25519/src/verify.lo
  CXXLD    libtorrent-rasterbar.la
make[1]: Leaving directory '/build/libtorrent-rasterbar-1/src/libtorrent-rasterbar-1.0.4/src'
Making all in examples
make[1]: Entering directory '/build/libtorrent-rasterbar-1/src/libtorrent-rasterbar-1.0.4/examples'
make[1]: Nothing to be done for 'all'.
make[1]: Leaving directory '/build/libtorrent-rasterbar-1/src/libtorrent-rasterbar-1.0.4/examples'
Making all in test
make[1]: Entering directory '/build/libtorrent-rasterbar-1/src/libtorrent-rasterbar-1.0.4/test'
make[1]: Nothing to be done for 'all'.
make[1]: Leaving directory '/build/libtorrent-rasterbar-1/src/libtorrent-rasterbar-1.0.4/test'
Making all in bindings
make[1]: Entering directory '/build/libtorrent-rasterbar-1/src/libtorrent-rasterbar-1.0.4/bindings'
Making all in python
make[2]: Entering directory '/build/libtorrent-rasterbar-1/src/libtorrent-rasterbar-1.0.4/bindings/python'
/usr/bin/python2 setup.py build
running build
running build_ext
building 'libtorrent' extension
creating build
creating build/temp.linux-x86_64-2.7
creating build/temp.linux-x86_64-2.7/src
gcc -pthread -DNDEBUG -march=x86-64 -mtune=generic -O2 -pipe -fstack-protector-strong --param=ssp-buffer-size=4 -I/usr/include/ -lpthread -march=x86-64 -mtune=generic -O2 -pipe -fstack-protector-strong --param=ssp-buffer-size=4 -fvisibility=hidden -I/usr/include -D_FORTIFY_SOURCE=2 -fPIC -I/usr/include -I/usr/include -I../../include -I/usr/include/python2.7 -c src/torrent_status.cpp -o build/temp.linux-x86_64-2.7/src/torrent_status.o -DTORRENT_USE_OPENSSL -DBOOST_ASIO_HASH_MAP_BUCKETS=1021 -DBOOST_EXCEPTION_DISABLE -DBOOST_ASIO_ENABLE_CANCELIO -DBOOST_ASIO_DYN_LINK -DTORRENT_LINKING_SHARED -D_FORTIFY_SOURCE=2
gcc -pthread -DNDEBUG -march=x86-64 -mtune=generic -O2 -pipe -fstack-protector-strong --param=ssp-buffer-size=4 -I/usr/include/ -lpthread -march=x86-64 -mtune=generic -O2 -pipe -fstack-protector-strong --param=ssp-buffer-size=4 -fvisibility=hidden -I/usr/include -D_FORTIFY_SOURCE=2 -fPIC -I/usr/include -I/usr/include -I../../include -I/usr/include/python2.7 -c src/utility.cpp -o build/temp.linux-x86_64-2.7/src/utility.o -DTORRENT_USE_OPENSSL -DBOOST_ASIO_HASH_MAP_BUCKETS=1021 -DBOOST_EXCEPTION_DISABLE -DBOOST_ASIO_ENABLE_CANCELIO -DBOOST_ASIO_DYN_LINK -DTORRENT_LINKING_SHARED -D_FORTIFY_SOURCE=2
gcc -pthread -DNDEBUG -march=x86-64 -mtune=generic -O2 -pipe -fstack-protector-strong --param=ssp-buffer-size=4 -I/usr/include/ -lpthread -march=x86-64 -mtune=generic -O2 -pipe -fstack-protector-strong --param=ssp-buffer-size=4 -fvisibility=hidden -I/usr/include -D_FORTIFY_SOURCE=2 -fPIC -I/usr/include -I/usr/include -I../../include -I/usr/include/python2.7 -c src/peer_info.cpp -o build/temp.linux-x86_64-2.7/src/peer_info.o -DTORRENT_USE_OPENSSL -DBOOST_ASIO_HASH_MAP_BUCKETS=1021 -DBOOST_EXCEPTION_DISABLE -DBOOST_ASIO_ENABLE_CANCELIO -DBOOST_ASIO_DYN_LINK -DTORRENT_LINKING_SHARED -D_FORTIFY_SOURCE=2
gcc -pthread -DNDEBUG -march=x86-64 -mtune=generic -O2 -pipe -fstack-protector-strong --param=ssp-buffer-size=4 -I/usr/include/ -lpthread -march=x86-64 -mtune=generic -O2 -pipe -fstack-protector-strong --param=ssp-buffer-size=4 -fvisibility=hidden -I/usr/include -D_FORTIFY_SOURCE=2 -fPIC -I/usr/include -I/usr/include -I../../include -I/usr/include/python2.7 -c src/error_code.cpp -o build/temp.linux-x86_64-2.7/src/error_code.o -DTORRENT_USE_OPENSSL -DBOOST_ASIO_HASH_MAP_BUCKETS=1021 -DBOOST_EXCEPTION_DISABLE -DBOOST_ASIO_ENABLE_CANCELIO -DBOOST_ASIO_DYN_LINK -DTORRENT_LINKING_SHARED -D_FORTIFY_SOURCE=2
gcc -pthread -DNDEBUG -march=x86-64 -mtune=generic -O2 -pipe -fstack-protector-strong --param=ssp-buffer-size=4 -I/usr/include/ -lpthread -march=x86-64 -mtune=generic -O2 -pipe -fstack-protector-strong --param=ssp-buffer-size=4 -fvisibility=hidden -I/usr/include -D_FORTIFY_SOURCE=2 -fPIC -I/usr/include -I/usr/include -I../../include -I/usr/include/python2.7 -c src/alert.cpp -o build/temp.linux-x86_64-2.7/src/alert.o -DTORRENT_USE_OPENSSL -DBOOST_ASIO_HASH_MAP_BUCKETS=1021 -DBOOST_EXCEPTION_DISABLE -DBOOST_ASIO_ENABLE_CANCELIO -DBOOST_ASIO_DYN_LINK -DTORRENT_LINKING_SHARED -D_FORTIFY_SOURCE=2
gcc -pthread -DNDEBUG -march=x86-64 -mtune=generic -O2 -pipe -fstack-protector-strong --param=ssp-buffer-size=4 -I/usr/include/ -lpthread -march=x86-64 -mtune=generic -O2 -pipe -fstack-protector-strong --param=ssp-buffer-size=4 -fvisibility=hidden -I/usr/include -D_FORTIFY_SOURCE=2 -fPIC -I/usr/include -I/usr/include -I../../include -I/usr/include/python2.7 -c src/module.cpp -o build/temp.linux-x86_64-2.7/src/module.o -DTORRENT_USE_OPENSSL -DBOOST_ASIO_HASH_MAP_BUCKETS=1021 -DBOOST_EXCEPTION_DISABLE -DBOOST_ASIO_ENABLE_CANCELIO -DBOOST_ASIO_DYN_LINK -DTORRENT_LINKING_SHARED -D_FORTIFY_SOURCE=2
gcc -pthread -DNDEBUG -march=x86-64 -mtune=generic -O2 -pipe -fstack-protector-strong --param=ssp-buffer-size=4 -I/usr/include/ -lpthread -march=x86-64 -mtune=generic -O2 -pipe -fstack-protector-strong --param=ssp-buffer-size=4 -fvisibility=hidden -I/usr/include -D_FORTIFY_SOURCE=2 -fPIC -I/usr/include -I/usr/include -I../../include -I/usr/include/python2.7 -c src/big_number.cpp -o build/temp.linux-x86_64-2.7/src/big_number.o -DTORRENT_USE_OPENSSL -DBOOST_ASIO_HASH_MAP_BUCKETS=1021 -DBOOST_EXCEPTION_DISABLE -DBOOST_ASIO_ENABLE_CANCELIO -DBOOST_ASIO_DYN_LINK -DTORRENT_LINKING_SHARED -D_FORTIFY_SOURCE=2
gcc -pthread -DNDEBUG -march=x86-64 -mtune=generic -O2 -pipe -fstack-protector-strong --param=ssp-buffer-size=4 -I/usr/include/ -lpthread -march=x86-64 -mtune=generic -O2 -pipe -fstack-protector-strong --param=ssp-buffer-size=4 -fvisibility=hidden -I/usr/include -D_FORTIFY_SOURCE=2 -fPIC -I/usr/include -I/usr/include -I../../include -I/usr/include/python2.7 -c src/fingerprint.cpp -o build/temp.linux-x86_64-2.7/src/fingerprint.o -DTORRENT_USE_OPENSSL -DBOOST_ASIO_HASH_MAP_BUCKETS=1021 -DBOOST_EXCEPTION_DISABLE -DBOOST_ASIO_ENABLE_CANCELIO -DBOOST_ASIO_DYN_LINK -DTORRENT_LINKING_SHARED -D_FORTIFY_SOURCE=2
gcc -pthread -DNDEBUG -march=x86-64 -mtune=generic -O2 -pipe -fstack-protector-strong --param=ssp-buffer-size=4 -I/usr/include/ -lpthread -march=x86-64 -mtune=generic -O2 -pipe -fstack-protector-strong --param=ssp-buffer-size=4 -fvisibility=hidden -I/usr/include -D_FORTIFY_SOURCE=2 -fPIC -I/usr/include -I/usr/include -I../../include -I/usr/include/python2.7 -c src/create_torrent.cpp -o build/temp.linux-x86_64-2.7/src/create_torrent.o -DTORRENT_USE_OPENSSL -DBOOST_ASIO_HASH_MAP_BUCKETS=1021 -DBOOST_EXCEPTION_DISABLE -DBOOST_ASIO_ENABLE_CANCELIO -DBOOST_ASIO_DYN_LINK -DTORRENT_LINKING_SHARED -D_FORTIFY_SOURCE=2
gcc -pthread -DNDEBUG -march=x86-64 -mtune=generic -O2 -pipe -fstack-protector-strong --param=ssp-buffer-size=4 -I/usr/include/ -lpthread -march=x86-64 -mtune=generic -O2 -pipe -fstack-protector-strong --param=ssp-buffer-size=4 -fvisibility=hidden -I/usr/include -D_FORTIFY_SOURCE=2 -fPIC -I/usr/include -I/usr/include -I../../include -I/usr/include/python2.7 -c src/ip_filter.cpp -o build/temp.linux-x86_64-2.7/src/ip_filter.o -DTORRENT_USE_OPENSSL -DBOOST_ASIO_HASH_MAP_BUCKETS=1021 -DBOOST_EXCEPTION_DISABLE -DBOOST_ASIO_ENABLE_CANCELIO -DBOOST_ASIO_DYN_LINK -DTORRENT_LINKING_SHARED -D_FORTIFY_SOURCE=2
gcc -pthread -DNDEBUG -march=x86-64 -mtune=generic -O2 -pipe -fstack-protector-strong --param=ssp-buffer-size=4 -I/usr/include/ -lpthread -march=x86-64 -mtune=generic -O2 -pipe -fstack-protector-strong --param=ssp-buffer-size=4 -fvisibility=hidden -I/usr/include -D_FORTIFY_SOURCE=2 -fPIC -I/usr/include -I/usr/include -I../../include -I/usr/include/python2.7 -c src/torrent_info.cpp -o build/temp.linux-x86_64-2.7/src/torrent_info.o -DTORRENT_USE_OPENSSL -DBOOST_ASIO_HASH_MAP_BUCKETS=1021 -DBOOST_EXCEPTION_DISABLE -DBOOST_ASIO_ENABLE_CANCELIO -DBOOST_ASIO_DYN_LINK -DTORRENT_LINKING_SHARED -D_FORTIFY_SOURCE=2
src/torrent_info.cpp: In function 'libtorrent::file_storage::iterator {anonymous}::begin_files(libtorrent::torrent_info&)':
src/torrent_info.cpp:93:30: warning: 'libtorrent::torrent_info::file_iterator libtorrent::torrent_info::begin_files() const' is deprecated (declared at ../../include/libtorrent/torrent_info.hpp:497) [-Wdeprecated-declarations]
         return i.begin_files();
                              ^
src/torrent_info.cpp: In function 'libtorrent::file_storage::iterator {anonymous}::end_files(libtorrent::torrent_info&)':
src/torrent_info.cpp:98:28: warning: 'libtorrent::torrent_info::file_iterator libtorrent::torrent_info::end_files() const' is deprecated (declared at ../../include/libtorrent/torrent_info.hpp:499) [-Wdeprecated-declarations]
         return i.end_files();
                            ^
gcc -pthread -DNDEBUG -march=x86-64 -mtune=generic -O2 -pipe -fstack-protector-strong --param=ssp-buffer-size=4 -I/usr/include/ -lpthread -march=x86-64 -mtune=generic -O2 -pipe -fstack-protector-strong --param=ssp-buffer-size=4 -fvisibility=hidden -I/usr/include -D_FORTIFY_SOURCE=2 -fPIC -I/usr/include -I/usr/include -I../../include -I/usr/include/python2.7 -c src/version.cpp -o build/temp.linux-x86_64-2.7/src/version.o -DTORRENT_USE_OPENSSL -DBOOST_ASIO_HASH_MAP_BUCKETS=1021 -DBOOST_EXCEPTION_DISABLE -DBOOST_ASIO_ENABLE_CANCELIO -DBOOST_ASIO_DYN_LINK -DTORRENT_LINKING_SHARED -D_FORTIFY_SOURCE=2
gcc -pthread -DNDEBUG -march=x86-64 -mtune=generic -O2 -pipe -fstack-protector-strong --param=ssp-buffer-size=4 -I/usr/include/ -lpthread -march=x86-64 -mtune=generic -O2 -pipe -fstack-protector-strong --param=ssp-buffer-size=4 -fvisibility=hidden -I/usr/include -D_FORTIFY_SOURCE=2 -fPIC -I/usr/include -I/usr/include -I../../include -I/usr/include/python2.7 -c src/string.cpp -o build/temp.linux-x86_64-2.7/src/string.o -DTORRENT_USE_OPENSSL -DBOOST_ASIO_HASH_MAP_BUCKETS=1021 -DBOOST_EXCEPTION_DISABLE -DBOOST_ASIO_ENABLE_CANCELIO -DBOOST_ASIO_DYN_LINK -DTORRENT_LINKING_SHARED -D_FORTIFY_SOURCE=2
gcc -pthread -DNDEBUG -march=x86-64 -mtune=generic -O2 -pipe -fstack-protector-strong --param=ssp-buffer-size=4 -I/usr/include/ -lpthread -march=x86-64 -mtune=generic -O2 -pipe -fstack-protector-strong --param=ssp-buffer-size=4 -fvisibility=hidden -I/usr/include -D_FORTIFY_SOURCE=2 -fPIC -I/usr/include -I/usr/include -I../../include -I/usr/include/python2.7 -c src/torrent_handle.cpp -o build/temp.linux-x86_64-2.7/src/torrent_handle.o -DTORRENT_USE_OPENSSL -DBOOST_ASIO_HASH_MAP_BUCKETS=1021 -DBOOST_EXCEPTION_DISABLE -DBOOST_ASIO_ENABLE_CANCELIO -DBOOST_ASIO_DYN_LINK -DTORRENT_LINKING_SHARED -D_FORTIFY_SOURCE=2
src/torrent_handle.cpp: In function 'boost::intrusive_ptr<const libtorrent::torrent_info> get_torrent_info(const libtorrent::torrent_handle&)':
src/torrent_handle.cpp:316:70: warning: 'const libtorrent::torrent_info& libtorrent::torrent_handle::get_torrent_info() const' is deprecated (declared at ../../include/libtorrent/torrent_handle.hpp:842) [-Wdeprecated-declarations]
  return boost::intrusive_ptr<const torrent_info>(&h.get_torrent_info());
                                                                      ^
src/torrent_handle.cpp: In function 'void set_peer_upload_limit(libtorrent::torrent_handle&, const boost::python::tuple&, int)':
src/torrent_handle.cpp:333:58: warning: 'void libtorrent::torrent_handle::set_peer_upload_limit(boost::asio::ip::tcp::endpoint, int) const' is deprecated (declared at ../../include/libtorrent/torrent_handle.hpp:850) [-Wdeprecated-declarations]
     th.set_peer_upload_limit(tuple_to_endpoint(ip), limit);
                                                          ^
src/torrent_handle.cpp: In function 'void set_peer_download_limit(libtorrent::torrent_handle&, const boost::python::tuple&, int)':
src/torrent_handle.cpp:338:60: warning: 'void libtorrent::torrent_handle::set_peer_download_limit(boost::asio::ip::tcp::endpoint, int) const' is deprecated (declared at ../../include/libtorrent/torrent_handle.hpp:852) [-Wdeprecated-declarations]
     th.set_peer_download_limit(tuple_to_endpoint(ip), limit);
                                                            ^
gcc -pthread -DNDEBUG -march=x86-64 -mtune=generic -O2 -pipe -fstack-protector-strong --param=ssp-buffer-size=4 -I/usr/include/ -lpthread -march=x86-64 -mtune=generic -O2 -pipe -fstack-protector-strong --param=ssp-buffer-size=4 -fvisibility=hidden -I/usr/include -D_FORTIFY_SOURCE=2 -fPIC -I/usr/include -I/usr/include -I../../include -I/usr/include/python2.7 -c src/session.cpp -o build/temp.linux-x86_64-2.7/src/session.o -DTORRENT_USE_OPENSSL -DBOOST_ASIO_HASH_MAP_BUCKETS=1021 -DBOOST_EXCEPTION_DISABLE -DBOOST_ASIO_ENABLE_CANCELIO -DBOOST_ASIO_DYN_LINK -DTORRENT_LINKING_SHARED -D_FORTIFY_SOURCE=2
src/session.cpp: In function 'void {anonymous}::add_extension(libtorrent::session&, const boost::python::api::object&)':
src/session.cpp:82:29: warning: 'boost::shared_ptr<libtorrent::torrent_plugin> libtorrent::create_metadata_plugin(libtorrent::torrent*, void*)' is deprecated (declared at ../../include/libtorrent/extensions/metadata_transfer.hpp:62) [-Wdeprecated-declarations]
             s.add_extension(create_metadata_plugin);
                             ^
src/session.cpp: In function 'libtorrent::torrent_handle {anonymous}::add_torrent_depr(libtorrent::session&, const libtorrent::torrent_info&, const string&, const libtorrent::entry&, libtorrent::storage_mode_t, bool)':
src/session.cpp:175:97: warning: 'libtorrent::torrent_handle libtorrent::session::add_torrent(const libtorrent::torrent_info&, const string&, const libtorrent::entry&, libtorrent::storage_mode_t, bool, libtorrent::storage_constructor_type)' is deprecated (declared at ../../include/libtorrent/session.hpp:352) [-Wdeprecated-declarations]
         return s.add_torrent(ti, save, resume, storage_mode, paused, default_storage_constructor);
                                                                                                 ^
gcc -pthread -DNDEBUG -march=x86-64 -mtune=generic -O2 -pipe -fstack-protector-strong --param=ssp-buffer-size=4 -I/usr/include/ -lpthread -march=x86-64 -mtune=generic -O2 -pipe -fstack-protector-strong --param=ssp-buffer-size=4 -fvisibility=hidden -I/usr/include -D_FORTIFY_SOURCE=2 -fPIC -I/usr/include -I/usr/include -I../../include -I/usr/include/python2.7 -c src/entry.cpp -o build/temp.linux-x86_64-2.7/src/entry.o -DTORRENT_USE_OPENSSL -DBOOST_ASIO_HASH_MAP_BUCKETS=1021 -DBOOST_EXCEPTION_DISABLE -DBOOST_ASIO_ENABLE_CANCELIO -DBOOST_ASIO_DYN_LINK -DTORRENT_LINKING_SHARED -D_FORTIFY_SOURCE=2
gcc -pthread -DNDEBUG -march=x86-64 -mtune=generic -O2 -pipe -fstack-protector-strong --param=ssp-buffer-size=4 -I/usr/include/ -lpthread -march=x86-64 -mtune=generic -O2 -pipe -fstack-protector-strong --param=ssp-buffer-size=4 -fvisibility=hidden -I/usr/include -D_FORTIFY_SOURCE=2 -fPIC -I/usr/include -I/usr/include -I../../include -I/usr/include/python2.7 -c src/converters.cpp -o build/temp.linux-x86_64-2.7/src/converters.o -DTORRENT_USE_OPENSSL -DBOOST_ASIO_HASH_MAP_BUCKETS=1021 -DBOOST_EXCEPTION_DISABLE -DBOOST_ASIO_ENABLE_CANCELIO -DBOOST_ASIO_DYN_LINK -DTORRENT_LINKING_SHARED -D_FORTIFY_SOURCE=2
gcc -pthread -DNDEBUG -march=x86-64 -mtune=generic -O2 -pipe -fstack-protector-strong --param=ssp-buffer-size=4 -I/usr/include/ -lpthread -march=x86-64 -mtune=generic -O2 -pipe -fstack-protector-strong --param=ssp-buffer-size=4 -fvisibility=hidden -I/usr/include -D_FORTIFY_SOURCE=2 -fPIC -I/usr/include -I/usr/include -I../../include -I/usr/include/python2.7 -c src/magnet_uri.cpp -o build/temp.linux-x86_64-2.7/src/magnet_uri.o -DTORRENT_USE_OPENSSL -DBOOST_ASIO_HASH_MAP_BUCKETS=1021 -DBOOST_EXCEPTION_DISABLE -DBOOST_ASIO_ENABLE_CANCELIO -DBOOST_ASIO_DYN_LINK -DTORRENT_LINKING_SHARED -D_FORTIFY_SOURCE=2
gcc -pthread -DNDEBUG -march=x86-64 -mtune=generic -O2 -pipe -fstack-protector-strong --param=ssp-buffer-size=4 -I/usr/include/ -lpthread -march=x86-64 -mtune=generic -O2 -pipe -fstack-protector-strong --param=ssp-buffer-size=4 -fvisibility=hidden -I/usr/include -D_FORTIFY_SOURCE=2 -fPIC -I/usr/include -I/usr/include -I../../include -I/usr/include/python2.7 -c src/datetime.cpp -o build/temp.linux-x86_64-2.7/src/datetime.o -DTORRENT_USE_OPENSSL -DBOOST_ASIO_HASH_MAP_BUCKETS=1021 -DBOOST_EXCEPTION_DISABLE -DBOOST_ASIO_ENABLE_CANCELIO -DBOOST_ASIO_DYN_LINK -DTORRENT_LINKING_SHARED -D_FORTIFY_SOURCE=2
gcc -pthread -DNDEBUG -march=x86-64 -mtune=generic -O2 -pipe -fstack-protector-strong --param=ssp-buffer-size=4 -I/usr/include/ -lpthread -march=x86-64 -mtune=generic -O2 -pipe -fstack-protector-strong --param=ssp-buffer-size=4 -fvisibility=hidden -I/usr/include -D_FORTIFY_SOURCE=2 -fPIC -I/usr/include -I/usr/include -I../../include -I/usr/include/python2.7 -c src/session_settings.cpp -o build/temp.linux-x86_64-2.7/src/session_settings.o -DTORRENT_USE_OPENSSL -DBOOST_ASIO_HASH_MAP_BUCKETS=1021 -DBOOST_EXCEPTION_DISABLE -DBOOST_ASIO_ENABLE_CANCELIO -DBOOST_ASIO_DYN_LINK -DTORRENT_LINKING_SHARED -D_FORTIFY_SOURCE=2
creating build/lib.linux-x86_64-2.7
g++ -pthread -shared -Wl,-O1,--sort-common,--as-needed,-z,relro -L/usr/lib64 -Wl,-O1,--sort-common,--as-needed,-z,relro -fvisibility=hidden -fvisibility-inlines-hidden -I/usr/include/ -lpthread -march=x86-64 -mtune=generic -O2 -pipe -fstack-protector-strong --param=ssp-buffer-size=4 -fvisibility=hidden -I/usr/include -D_FORTIFY_SOURCE=2 build/temp.linux-x86_64-2.7/src/torrent_status.o build/temp.linux-x86_64-2.7/src/utility.o build/temp.linux-x86_64-2.7/src/peer_info.o build/temp.linux-x86_64-2.7/src/error_code.o build/temp.linux-x86_64-2.7/src/alert.o build/temp.linux-x86_64-2.7/src/module.o build/temp.linux-x86_64-2.7/src/big_number.o build/temp.linux-x86_64-2.7/src/fingerprint.o build/temp.linux-x86_64-2.7/src/create_torrent.o build/temp.linux-x86_64-2.7/src/ip_filter.o build/temp.linux-x86_64-2.7/src/torrent_info.o build/temp.linux-x86_64-2.7/src/version.o build/temp.linux-x86_64-2.7/src/string.o build/temp.linux-x86_64-2.7/src/torrent_handle.o build/temp.linux-x86_64-2.7/src/session.o build/temp.linux-x86_64-2.7/src/entry.o build/temp.linux-x86_64-2.7/src/converters.o build/temp.linux-x86_64-2.7/src/magnet_uri.o build/temp.linux-x86_64-2.7/src/datetime.o build/temp.linux-x86_64-2.7/src/session_settings.o -L/usr/lib -ltorrent-rasterbar -lGeoIP -lpthread -lboost_system -lboost_python -lpthread -lssl -lcrypto -lpython2.7 -o build/lib.linux-x86_64-2.7/libtorrent.so -L../../src/.libs -L/usr/lib64 -L/usr/lib64 -Wl,-O1,--sort-common,--as-needed,-z,relro -fvisibility=hidden -fvisibility-inlines-hidden
make[2]: Leaving directory '/build/libtorrent-rasterbar-1/src/libtorrent-rasterbar-1.0.4/bindings/python'
make[2]: Entering directory '/build/libtorrent-rasterbar-1/src/libtorrent-rasterbar-1.0.4/bindings'
make[2]: Nothing to be done for 'all-am'.
make[2]: Leaving directory '/build/libtorrent-rasterbar-1/src/libtorrent-rasterbar-1.0.4/bindings'
make[1]: Leaving directory '/build/libtorrent-rasterbar-1/src/libtorrent-rasterbar-1.0.4/bindings'
Making all in tools
make[1]: Entering directory '/build/libtorrent-rasterbar-1/src/libtorrent-rasterbar-1.0.4/tools'
make[1]: Nothing to be done for 'all'.
make[1]: Leaving directory '/build/libtorrent-rasterbar-1/src/libtorrent-rasterbar-1.0.4/tools'
make[1]: Entering directory '/build/libtorrent-rasterbar-1/src/libtorrent-rasterbar-1.0.4'
make[1]: Nothing to be done for 'all-am'.
make[1]: Leaving directory '/build/libtorrent-rasterbar-1/src/libtorrent-rasterbar-1.0.4'
checking whether make supports nested variables... yes

Building libtorrent-rasterbar 1.0.4

Checking for a C/C++ compiler to use:
checking for gcc... gcc
checking whether the C compiler works... yes
checking for C compiler default output file name... a.out
checking for suffix of executables... 
checking whether we are cross compiling... no
checking for suffix of object files... o
checking whether we are using the GNU C compiler... yes
checking whether gcc accepts -g... yes
checking for gcc option to accept ISO C89... none needed
checking whether gcc understands -c and -o together... yes
checking how to run the C preprocessor... gcc -E
checking whether gcc and cc understand -c and -o together... yes
checking for g++... g++
checking whether we are using the GNU C++ compiler... yes
checking whether g++ accepts -g... yes
checking how to run the C++ preprocessor... g++ -E
checking whether g++ understands -c and -o together... yes

Checking system type:
checking build system type... x86_64-unknown-linux-gnu
checking host system type... x86_64-unknown-linux-gnu
checking target system type... x86_64-unknown-linux-gnu

Initializing Automake:
checking for a BSD-compatible install... /usr/bin/install -c
checking whether build environment is sane... yes
checking for a thread-safe mkdir -p... /usr/bin/mkdir -p
checking for gawk... gawk
checking whether make sets $(MAKE)... yes
checking for style of include used by make... GNU
checking dependency style of gcc... gcc3
checking dependency style of g++... gcc3

Initializing Libtool:
checking how to print strings... printf
checking for a sed that does not truncate output... /usr/bin/sed
checking for grep that handles long lines and -e... /usr/bin/grep
checking for egrep... /usr/bin/grep -E
checking for fgrep... /usr/bin/grep -F
checking for ld used by gcc... /usr/bin/ld
checking if the linker (/usr/bin/ld) is GNU ld... yes
checking for BSD- or MS-compatible name lister (nm)... /usr/bin/nm -B
checking the name lister (/usr/bin/nm -B) interface... BSD nm
checking whether ln -s works... yes
checking the maximum length of command line arguments... 1572864
checking how to convert x86_64-unknown-linux-gnu file names to x86_64-unknown-linux-gnu format... func_convert_file_noop
checking how to convert x86_64-unknown-linux-gnu file names to toolchain format... func_convert_file_noop
checking for /usr/bin/ld option to reload object files... -r
checking for objdump... objdump
checking how to recognize dependent libraries... pass_all
checking for dlltool... no
checking how to associate runtime and link libraries... printf %s\n
checking for ar... ar
checking for archiver @FILE support... @
checking for strip... strip
checking for ranlib... ranlib
checking command to parse /usr/bin/nm -B output from gcc object... ok
checking for sysroot... no
checking for a working dd... /usr/bin/dd
checking how to truncate binary pipes... /usr/bin/dd bs=4096 count=1
checking for mt... no
checking if : is a manifest tool... no
checking for ANSI C header files... yes
checking for sys/types.h... yes
checking for sys/stat.h... yes
checking for stdlib.h... yes
checking for string.h... yes
checking for memory.h... yes
checking for strings.h... yes
checking for inttypes.h... yes
checking for stdint.h... yes
checking for unistd.h... yes
checking for dlfcn.h... yes
checking for objdir... .libs
checking if gcc supports -fno-rtti -fno-exceptions... no
checking for gcc option to produce PIC... -fPIC -DPIC
checking if gcc PIC flag -fPIC -DPIC works... yes
checking if gcc static flag -static works... yes
checking if gcc supports -c -o file.o... yes
checking if gcc supports -c -o file.o... (cached) yes
checking whether the gcc linker (/usr/bin/ld -m elf_x86_64) supports shared libraries... yes
checking whether -lc should be explicitly linked in... no
checking dynamic linker characteristics... GNU/Linux ld.so
checking how to hardcode library paths into programs... immediate
checking whether stripping libraries is possible... yes
checking if libtool supports shared libraries... yes
checking whether to build shared libraries... yes
checking whether to build static libraries... yes
checking how to run the C++ preprocessor... g++ -E
checking for ld used by g++... /usr/bin/ld -m elf_x86_64
checking if the linker (/usr/bin/ld -m elf_x86_64) is GNU ld... yes
checking whether the g++ linker (/usr/bin/ld -m elf_x86_64) supports shared libraries... yes
checking for g++ option to produce PIC... -fPIC -DPIC
checking if g++ PIC flag -fPIC -DPIC works... yes
checking if g++ static flag -static works... yes
checking if g++ supports -c -o file.o... yes
checking if g++ supports -c -o file.o... (cached) yes
checking whether the g++ linker (/usr/bin/ld -m elf_x86_64) supports shared libraries... yes
checking dynamic linker characteristics... (cached) GNU/Linux ld.so
checking how to hardcode library paths into programs... immediate

Checking for posix thread support:
checking for the pthreads library -lpthreads... no
checking whether pthreads work without any flags... no
checking whether pthreads work with -Kthread... no
checking whether pthreads work with -kthread... no
checking for the pthreads library -llthread... no
checking whether pthreads work with -lpthread... yes
checking for joinable pthread attribute... PTHREAD_CREATE_JOINABLE
checking if more special flags are required for pthreads... no
checking whether to check for GCC pthread/shared inconsistencies... yes
checking whether -lpthread fixes that... yes
Checking for visibility support:
checking for __attribute__((visibility("hidden")))... found
yes

Checking for boost libraries:
checking for boostlib >= 1.36... yes
checking whether the Boost::System library is available... yes
checking for exit in -lboost_system... yes

Checking for pkg-config:
checking for pkg-config... /usr/bin/pkg-config
checking pkg-config is at least version 0.20... yes

Checking for functions and headers:
checking for special C compiler options needed for large files... no
checking for _FILE_OFFSET_BITS value needed for large files... no
checking whether ln -s works... yes
checking whether make sets $(MAKE)... (cached) yes
checking for gethostbyname... yes
checking for gethostbyname_r... yes
checking for clock_gettime... yes

Checking build options:
checking whether deprecated functions should be enabled... yes
checking whether debug build should be enabled... no
checking whether invariant check should be enabled... no
checking whether logging to disk should be enabled... no
checking whether statistics logging should be enabled... no
checking whether disk activity logging should be enabled... no

Checking features to be enabled:
checking whether encryption support should be enabled... yes
configure: encryption support: now checking for the OpenSSL library...
checking for pkg-config... /usr/bin/pkg-config
checking whether compiling and linking against OpenSSL works... yes
checking whether geoip support should be enabled... yes
checking whether dht support should be enabled... yes
checking whether pool allocators should be enabled... yes

Checking for extra build files:
checking whether example files should be built... no
checking whether test files should be built... no
checking whether python bindings should be built... yes
checking for a Python interpreter with version >= 2.4... python
checking for python... /usr/bin/python
checking for python version... 3.4
checking for python platform... linux
checking for python script directory... ${prefix}/lib/python3.4/site-packages
checking for python extension module directory... ${exec_prefix}/lib/python3.4/site-packages
checking for python3.4... (cached) /usr/bin/python
checking for a version of Python >= '2.1.0'... yes
checking for a version of Python >= '2.4'... yes
checking for the distutils Python package... yes
checking for Python include path... -I/usr/include/python3.4m
checking for Python library path... -L/usr/lib -lpython3.4m
checking for Python site-packages path... /usr/lib/python3.4/site-packages
checking python extra libraries...  -lpthread -ldl  -lutil
checking consistency of all components of python development environment... yes
checking whether the Boost::Python library is available... yes
checking for main in -lboost_python3... yes

Checking for external libraries:
checking for FIEMAP support... checking linux/types.h usability... yes
checking linux/types.h presence... yes
checking for linux/types.h... yes
checking for linux/fiemap.h... yes
checking whether to link against system libgeoip... yes
configure: libgeoip: now checking for the libgeoip library...
checking for libgeoip with pkg-config... yes
checking for GEOIP... yes
checking whether to link against system libiconv... checking for shared library run path origin... done

Generating Makefiles:
checking that generated files are newer than configure... done
configure: creating ./config.status
config.status: creating Makefile
config.status: creating src/Makefile
config.status: creating include/libtorrent/Makefile
config.status: creating examples/Makefile
config.status: creating test/Makefile
config.status: creating tools/Makefile
config.status: creating bindings/Makefile
config.status: creating bindings/python/Makefile
config.status: creating bindings/python/link_flags
config.status: creating bindings/python/compile_flags
config.status: creating libtorrent-rasterbar.pc
config.status: creating libtorrent-rasterbar-cmake.pc
config.status: executing depfiles commands
config.status: executing libtool commands

Configure script has finished system check.

   Config results:
  -=-=-=-=-=-=-=-=-

Package:
  name:                 libtorrent-rasterbar
  version:              1.0.4
  svn revision:         10888

Build environment:
  build system:         x86_64-unknown-linux-gnu
  host system:          x86_64-unknown-linux-gnu
  target system:        x86_64-unknown-linux-gnu

Compiler and linker flags:
  CPPFlags:             -I/usr/include -D_FORTIFY_SOURCE=2
  CFlags:               -I/usr/include/  -lpthread -march=x86-64 -mtune=generic -O2 -pipe -fstack-protector-strong --param=ssp-buffer-size=4 -fvisibility=hidden
  CXXFlags:             -march=x86-64 -mtune=generic -O2 -pipe -fstack-protector-strong --param=ssp-buffer-size=4 -ftemplate-depth=120 -fvisibility=hidden -fvisibility-inlines-hidden
  LDFlags:              -L/usr/lib64 -Wl,-O1,--sort-common,--as-needed,-z,relro -fvisibility=hidden -fvisibility-inlines-hidden
  Libs:                 -lGeoIP  -lpthread  
  Defs:                 -DPACKAGE_NAME=\"libtorrent-rasterbar\" -DPACKAGE_TARNAME=\"libtorrent-rasterbar\" -DPACKAGE_VERSION=\"1.0.4\" -DPACKAGE_STRING=\"libtorrent-rasterbar\ 1.0.4\" -DPACKAGE_BUGREPORT=\"arvid@libtorrent.org\" -DPACKAGE_URL=\"http://www.libtorrent.org\" -DPACKAGE=\"libtorrent-rasterbar\" -DVERSION=\"1.0.4\" -DSTDC_HEADERS=1 -DHAVE_SYS_TYPES_H=1 -DHAVE_SYS_STAT_H=1 -DHAVE_STDLIB_H=1 -DHAVE_STRING_H=1 -DHAVE_MEMORY_H=1 -DHAVE_STRINGS_H=1 -DHAVE_INTTYPES_H=1 -DHAVE_STDINT_H=1 -DHAVE_UNISTD_H=1 -DHAVE_DLFCN_H=1 -DLT_OBJDIR=\".libs/\" -DHAVE_PTHREAD=1 -DHAVE_BOOST=/\*\*/ -DHAVE_BOOST_SYSTEM=1 -DHAVE_GETHOSTBYNAME=1 -DHAVE_GETHOSTBYNAME_R=1 -DGETHOSTBYNAME_R_RETURNS_INT=1 -DHAVE_CLOCK_GETTIME=1 -DNDEBUG=1 -DTORRENT_USE_OPENSSL=1 -DHAVE_BOOST_PYTHON=1 -DHAVE_LINUX_TYPES_H=1 -DHAVE_LINUX_FIEMAP_H=1 -DBOOST_ASIO_HASH_MAP_BUCKETS=1021 -DBOOST_EXCEPTION_DISABLE=1 -DBOOST_ASIO_ENABLE_CANCELIO=1 -DBOOST_ASIO_DYN_LINK=1 -DTORRENT_BUILDING_SHARED=1

Build options:
  deprecated functions: yes
  debug build:          no
  invariant checks:     no
  logging support:      no
  statistics:           no
  disk statistics:      no

Features:
  encryption support:   yes
  geoip support:        yes
  dht support:          yes
  pool allocators:      yes

Extra builds:
  examples:             no
  tests:                no
  python bindings:      yes

Pthread library:
  CFlags:               -lpthread
  Libs:                 -lpthread 

Boost libraries:
  version:              
  CPPFlags:             -I/usr/include
  LDFlags:              -L/usr/lib64
  boost.system:         -lboost_system
  boost.python:         -lboost_python3

Python environment:
  -automake-
  binary:               /usr/bin/python
  version:              3.4
  platform:             linux
  prefix:               ${prefix}
  exec_prefix:          ${exec_prefix}
  pythondir:            ${prefix}/lib/python3.4/site-packages
  pkgpythondir:         ${pythondir}/libtorrent-rasterbar
  pyexecdir:            ${exec_prefix}/lib/python3.4/site-packages
  pkgpyexecdir:         ${pyexecdir}/libtorrent-rasterbar

  -m4-
  cppflags:             -I/usr/include/python3.4m
  ldflags:              -L/usr/lib -lpython3.4m
  extra libs:            -lpthread -ldl  -lutil


External libraries:
  system libgeoip:      system
  system libiconv:      no

OpenSSL library:
  OpenSSL Libs:         -lssl -lcrypto 
  OpenSSL LDFlags:      
  OpenSSL Includes:     

Type 'make' to compile libtorrent-rasterbar 1.0.4
or type 'make V=1' for verbose compiling
and then 'make install' to install it into /usr

Making all in include/libtorrent
make[1]: Entering directory '/build/libtorrent-rasterbar-1/src/libtorrent-rasterbar-1.0.4/include/libtorrent'
make[1]: Nothing to be done for 'all'.
make[1]: Leaving directory '/build/libtorrent-rasterbar-1/src/libtorrent-rasterbar-1.0.4/include/libtorrent'
Making all in src
make[1]: Entering directory '/build/libtorrent-rasterbar-1/src/libtorrent-rasterbar-1.0.4/src'
make[1]: Nothing to be done for 'all'.
make[1]: Leaving directory '/build/libtorrent-rasterbar-1/src/libtorrent-rasterbar-1.0.4/src'
Making all in examples
make[1]: Entering directory '/build/libtorrent-rasterbar-1/src/libtorrent-rasterbar-1.0.4/examples'
make[1]: Nothing to be done for 'all'.
make[1]: Leaving directory '/build/libtorrent-rasterbar-1/src/libtorrent-rasterbar-1.0.4/examples'
Making all in test
make[1]: Entering directory '/build/libtorrent-rasterbar-1/src/libtorrent-rasterbar-1.0.4/test'
make[1]: Nothing to be done for 'all'.
make[1]: Leaving directory '/build/libtorrent-rasterbar-1/src/libtorrent-rasterbar-1.0.4/test'
Making all in bindings
make[1]: Entering directory '/build/libtorrent-rasterbar-1/src/libtorrent-rasterbar-1.0.4/bindings'
Making all in python
make[2]: Entering directory '/build/libtorrent-rasterbar-1/src/libtorrent-rasterbar-1.0.4/bindings/python'
/usr/bin/python setup.py build
running build
running build_ext
building 'libtorrent' extension
creating build/temp.linux-x86_64-3.4
creating build/temp.linux-x86_64-3.4/src
gcc -pthread -DNDEBUG -g -fwrapv -O3 -Wall -Wstrict-prototypes -I/usr/include/ -lpthread -march=x86-64 -mtune=generic -O2 -pipe -fstack-protector-strong --param=ssp-buffer-size=4 -fvisibility=hidden -I/usr/include -D_FORTIFY_SOURCE=2 -fPIC -I/usr/include -I/usr/include -I../../include -I/usr/include/python3.4m -c src/torrent_status.cpp -o build/temp.linux-x86_64-3.4/src/torrent_status.o -DTORRENT_USE_OPENSSL -DBOOST_ASIO_HASH_MAP_BUCKETS=1021 -DBOOST_EXCEPTION_DISABLE -DBOOST_ASIO_ENABLE_CANCELIO -DBOOST_ASIO_DYN_LINK -DTORRENT_LINKING_SHARED -D_FORTIFY_SOURCE=2
cc1plus: warning: command line option '-Wstrict-prototypes' is valid for C/ObjC but not for C++
gcc -pthread -DNDEBUG -g -fwrapv -O3 -Wall -Wstrict-prototypes -I/usr/include/ -lpthread -march=x86-64 -mtune=generic -O2 -pipe -fstack-protector-strong --param=ssp-buffer-size=4 -fvisibility=hidden -I/usr/include -D_FORTIFY_SOURCE=2 -fPIC -I/usr/include -I/usr/include -I../../include -I/usr/include/python3.4m -c src/utility.cpp -o build/temp.linux-x86_64-3.4/src/utility.o -DTORRENT_USE_OPENSSL -DBOOST_ASIO_HASH_MAP_BUCKETS=1021 -DBOOST_EXCEPTION_DISABLE -DBOOST_ASIO_ENABLE_CANCELIO -DBOOST_ASIO_DYN_LINK -DTORRENT_LINKING_SHARED -D_FORTIFY_SOURCE=2
cc1plus: warning: command line option '-Wstrict-prototypes' is valid for C/ObjC but not for C++
gcc -pthread -DNDEBUG -g -fwrapv -O3 -Wall -Wstrict-prototypes -I/usr/include/ -lpthread -march=x86-64 -mtune=generic -O2 -pipe -fstack-protector-strong --param=ssp-buffer-size=4 -fvisibility=hidden -I/usr/include -D_FORTIFY_SOURCE=2 -fPIC -I/usr/include -I/usr/include -I../../include -I/usr/include/python3.4m -c src/peer_info.cpp -o build/temp.linux-x86_64-3.4/src/peer_info.o -DTORRENT_USE_OPENSSL -DBOOST_ASIO_HASH_MAP_BUCKETS=1021 -DBOOST_EXCEPTION_DISABLE -DBOOST_ASIO_ENABLE_CANCELIO -DBOOST_ASIO_DYN_LINK -DTORRENT_LINKING_SHARED -D_FORTIFY_SOURCE=2
cc1plus: warning: command line option '-Wstrict-prototypes' is valid for C/ObjC but not for C++
gcc -pthread -DNDEBUG -g -fwrapv -O3 -Wall -Wstrict-prototypes -I/usr/include/ -lpthread -march=x86-64 -mtune=generic -O2 -pipe -fstack-protector-strong --param=ssp-buffer-size=4 -fvisibility=hidden -I/usr/include -D_FORTIFY_SOURCE=2 -fPIC -I/usr/include -I/usr/include -I../../include -I/usr/include/python3.4m -c src/error_code.cpp -o build/temp.linux-x86_64-3.4/src/error_code.o -DTORRENT_USE_OPENSSL -DBOOST_ASIO_HASH_MAP_BUCKETS=1021 -DBOOST_EXCEPTION_DISABLE -DBOOST_ASIO_ENABLE_CANCELIO -DBOOST_ASIO_DYN_LINK -DTORRENT_LINKING_SHARED -D_FORTIFY_SOURCE=2
cc1plus: warning: command line option '-Wstrict-prototypes' is valid for C/ObjC but not for C++
gcc -pthread -DNDEBUG -g -fwrapv -O3 -Wall -Wstrict-prototypes -I/usr/include/ -lpthread -march=x86-64 -mtune=generic -O2 -pipe -fstack-protector-strong --param=ssp-buffer-size=4 -fvisibility=hidden -I/usr/include -D_FORTIFY_SOURCE=2 -fPIC -I/usr/include -I/usr/include -I../../include -I/usr/include/python3.4m -c src/alert.cpp -o build/temp.linux-x86_64-3.4/src/alert.o -DTORRENT_USE_OPENSSL -DBOOST_ASIO_HASH_MAP_BUCKETS=1021 -DBOOST_EXCEPTION_DISABLE -DBOOST_ASIO_ENABLE_CANCELIO -DBOOST_ASIO_DYN_LINK -DTORRENT_LINKING_SHARED -D_FORTIFY_SOURCE=2
cc1plus: warning: command line option '-Wstrict-prototypes' is valid for C/ObjC but not for C++
gcc -pthread -DNDEBUG -g -fwrapv -O3 -Wall -Wstrict-prototypes -I/usr/include/ -lpthread -march=x86-64 -mtune=generic -O2 -pipe -fstack-protector-strong --param=ssp-buffer-size=4 -fvisibility=hidden -I/usr/include -D_FORTIFY_SOURCE=2 -fPIC -I/usr/include -I/usr/include -I../../include -I/usr/include/python3.4m -c src/module.cpp -o build/temp.linux-x86_64-3.4/src/module.o -DTORRENT_USE_OPENSSL -DBOOST_ASIO_HASH_MAP_BUCKETS=1021 -DBOOST_EXCEPTION_DISABLE -DBOOST_ASIO_ENABLE_CANCELIO -DBOOST_ASIO_DYN_LINK -DTORRENT_LINKING_SHARED -D_FORTIFY_SOURCE=2
cc1plus: warning: command line option '-Wstrict-prototypes' is valid for C/ObjC but not for C++
gcc -pthread -DNDEBUG -g -fwrapv -O3 -Wall -Wstrict-prototypes -I/usr/include/ -lpthread -march=x86-64 -mtune=generic -O2 -pipe -fstack-protector-strong --param=ssp-buffer-size=4 -fvisibility=hidden -I/usr/include -D_FORTIFY_SOURCE=2 -fPIC -I/usr/include -I/usr/include -I../../include -I/usr/include/python3.4m -c src/big_number.cpp -o build/temp.linux-x86_64-3.4/src/big_number.o -DTORRENT_USE_OPENSSL -DBOOST_ASIO_HASH_MAP_BUCKETS=1021 -DBOOST_EXCEPTION_DISABLE -DBOOST_ASIO_ENABLE_CANCELIO -DBOOST_ASIO_DYN_LINK -DTORRENT_LINKING_SHARED -D_FORTIFY_SOURCE=2
cc1plus: warning: command line option '-Wstrict-prototypes' is valid for C/ObjC but not for C++
gcc -pthread -DNDEBUG -g -fwrapv -O3 -Wall -Wstrict-prototypes -I/usr/include/ -lpthread -march=x86-64 -mtune=generic -O2 -pipe -fstack-protector-strong --param=ssp-buffer-size=4 -fvisibility=hidden -I/usr/include -D_FORTIFY_SOURCE=2 -fPIC -I/usr/include -I/usr/include -I../../include -I/usr/include/python3.4m -c src/fingerprint.cpp -o build/temp.linux-x86_64-3.4/src/fingerprint.o -DTORRENT_USE_OPENSSL -DBOOST_ASIO_HASH_MAP_BUCKETS=1021 -DBOOST_EXCEPTION_DISABLE -DBOOST_ASIO_ENABLE_CANCELIO -DBOOST_ASIO_DYN_LINK -DTORRENT_LINKING_SHARED -D_FORTIFY_SOURCE=2
cc1plus: warning: command line option '-Wstrict-prototypes' is valid for C/ObjC but not for C++
gcc -pthread -DNDEBUG -g -fwrapv -O3 -Wall -Wstrict-prototypes -I/usr/include/ -lpthread -march=x86-64 -mtune=generic -O2 -pipe -fstack-protector-strong --param=ssp-buffer-size=4 -fvisibility=hidden -I/usr/include -D_FORTIFY_SOURCE=2 -fPIC -I/usr/include -I/usr/include -I../../include -I/usr/include/python3.4m -c src/create_torrent.cpp -o build/temp.linux-x86_64-3.4/src/create_torrent.o -DTORRENT_USE_OPENSSL -DBOOST_ASIO_HASH_MAP_BUCKETS=1021 -DBOOST_EXCEPTION_DISABLE -DBOOST_ASIO_ENABLE_CANCELIO -DBOOST_ASIO_DYN_LINK -DTORRENT_LINKING_SHARED -D_FORTIFY_SOURCE=2
cc1plus: warning: command line option '-Wstrict-prototypes' is valid for C/ObjC but not for C++
gcc -pthread -DNDEBUG -g -fwrapv -O3 -Wall -Wstrict-prototypes -I/usr/include/ -lpthread -march=x86-64 -mtune=generic -O2 -pipe -fstack-protector-strong --param=ssp-buffer-size=4 -fvisibility=hidden -I/usr/include -D_FORTIFY_SOURCE=2 -fPIC -I/usr/include -I/usr/include -I../../include -I/usr/include/python3.4m -c src/ip_filter.cpp -o build/temp.linux-x86_64-3.4/src/ip_filter.o -DTORRENT_USE_OPENSSL -DBOOST_ASIO_HASH_MAP_BUCKETS=1021 -DBOOST_EXCEPTION_DISABLE -DBOOST_ASIO_ENABLE_CANCELIO -DBOOST_ASIO_DYN_LINK -DTORRENT_LINKING_SHARED -D_FORTIFY_SOURCE=2
cc1plus: warning: command line option '-Wstrict-prototypes' is valid for C/ObjC but not for C++
gcc -pthread -DNDEBUG -g -fwrapv -O3 -Wall -Wstrict-prototypes -I/usr/include/ -lpthread -march=x86-64 -mtune=generic -O2 -pipe -fstack-protector-strong --param=ssp-buffer-size=4 -fvisibility=hidden -I/usr/include -D_FORTIFY_SOURCE=2 -fPIC -I/usr/include -I/usr/include -I../../include -I/usr/include/python3.4m -c src/torrent_info.cpp -o build/temp.linux-x86_64-3.4/src/torrent_info.o -DTORRENT_USE_OPENSSL -DBOOST_ASIO_HASH_MAP_BUCKETS=1021 -DBOOST_EXCEPTION_DISABLE -DBOOST_ASIO_ENABLE_CANCELIO -DBOOST_ASIO_DYN_LINK -DTORRENT_LINKING_SHARED -D_FORTIFY_SOURCE=2
cc1plus: warning: command line option '-Wstrict-prototypes' is valid for C/ObjC but not for C++
src/torrent_info.cpp: In function 'libtorrent::file_storage::iterator {anonymous}::begin_files(libtorrent::torrent_info&)':
src/torrent_info.cpp:93:30: warning: 'libtorrent::torrent_info::file_iterator libtorrent::torrent_info::begin_files() const' is deprecated (declared at ../../include/libtorrent/torrent_info.hpp:497) [-Wdeprecated-declarations]
         return i.begin_files();
                              ^
src/torrent_info.cpp: In function 'libtorrent::file_storage::iterator {anonymous}::end_files(libtorrent::torrent_info&)':
src/torrent_info.cpp:98:28: warning: 'libtorrent::torrent_info::file_iterator libtorrent::torrent_info::end_files() const' is deprecated (declared at ../../include/libtorrent/torrent_info.hpp:499) [-Wdeprecated-declarations]
         return i.end_files();
                            ^
src/torrent_info.cpp: At global scope:
src/torrent_info.cpp:91:28: warning: 'libtorrent::file_storage::iterator {anonymous}::begin_files(libtorrent::torrent_info&)' defined but not used [-Wunused-function]
     file_storage::iterator begin_files(torrent_info& i)
                            ^
src/torrent_info.cpp:96:28: warning: 'libtorrent::file_storage::iterator {anonymous}::end_files(libtorrent::torrent_info&)' defined but not used [-Wunused-function]
     file_storage::iterator end_files(torrent_info& i)
                            ^
gcc -pthread -DNDEBUG -g -fwrapv -O3 -Wall -Wstrict-prototypes -I/usr/include/ -lpthread -march=x86-64 -mtune=generic -O2 -pipe -fstack-protector-strong --param=ssp-buffer-size=4 -fvisibility=hidden -I/usr/include -D_FORTIFY_SOURCE=2 -fPIC -I/usr/include -I/usr/include -I../../include -I/usr/include/python3.4m -c src/version.cpp -o build/temp.linux-x86_64-3.4/src/version.o -DTORRENT_USE_OPENSSL -DBOOST_ASIO_HASH_MAP_BUCKETS=1021 -DBOOST_EXCEPTION_DISABLE -DBOOST_ASIO_ENABLE_CANCELIO -DBOOST_ASIO_DYN_LINK -DTORRENT_LINKING_SHARED -D_FORTIFY_SOURCE=2
cc1plus: warning: command line option '-Wstrict-prototypes' is valid for C/ObjC but not for C++
gcc -pthread -DNDEBUG -g -fwrapv -O3 -Wall -Wstrict-prototypes -I/usr/include/ -lpthread -march=x86-64 -mtune=generic -O2 -pipe -fstack-protector-strong --param=ssp-buffer-size=4 -fvisibility=hidden -I/usr/include -D_FORTIFY_SOURCE=2 -fPIC -I/usr/include -I/usr/include -I../../include -I/usr/include/python3.4m -c src/string.cpp -o build/temp.linux-x86_64-3.4/src/string.o -DTORRENT_USE_OPENSSL -DBOOST_ASIO_HASH_MAP_BUCKETS=1021 -DBOOST_EXCEPTION_DISABLE -DBOOST_ASIO_ENABLE_CANCELIO -DBOOST_ASIO_DYN_LINK -DTORRENT_LINKING_SHARED -D_FORTIFY_SOURCE=2
cc1plus: warning: command line option '-Wstrict-prototypes' is valid for C/ObjC but not for C++
gcc -pthread -DNDEBUG -g -fwrapv -O3 -Wall -Wstrict-prototypes -I/usr/include/ -lpthread -march=x86-64 -mtune=generic -O2 -pipe -fstack-protector-strong --param=ssp-buffer-size=4 -fvisibility=hidden -I/usr/include -D_FORTIFY_SOURCE=2 -fPIC -I/usr/include -I/usr/include -I../../include -I/usr/include/python3.4m -c src/torrent_handle.cpp -o build/temp.linux-x86_64-3.4/src/torrent_handle.o -DTORRENT_USE_OPENSSL -DBOOST_ASIO_HASH_MAP_BUCKETS=1021 -DBOOST_EXCEPTION_DISABLE -DBOOST_ASIO_ENABLE_CANCELIO -DBOOST_ASIO_DYN_LINK -DTORRENT_LINKING_SHARED -D_FORTIFY_SOURCE=2
cc1plus: warning: command line option '-Wstrict-prototypes' is valid for C/ObjC but not for C++
src/torrent_handle.cpp: In function 'boost::intrusive_ptr<const libtorrent::torrent_info> get_torrent_info(const libtorrent::torrent_handle&)':
src/torrent_handle.cpp:316:70: warning: 'const libtorrent::torrent_info& libtorrent::torrent_handle::get_torrent_info() const' is deprecated (declared at ../../include/libtorrent/torrent_handle.hpp:842) [-Wdeprecated-declarations]
  return boost::intrusive_ptr<const torrent_info>(&h.get_torrent_info());
                                                                      ^
src/torrent_handle.cpp: In function 'void set_peer_upload_limit(libtorrent::torrent_handle&, const boost::python::tuple&, int)':
src/torrent_handle.cpp:333:58: warning: 'void libtorrent::torrent_handle::set_peer_upload_limit(boost::asio::ip::tcp::endpoint, int) const' is deprecated (declared at ../../include/libtorrent/torrent_handle.hpp:850) [-Wdeprecated-declarations]
     th.set_peer_upload_limit(tuple_to_endpoint(ip), limit);
                                                          ^
src/torrent_handle.cpp: In function 'void set_peer_download_limit(libtorrent::torrent_handle&, const boost::python::tuple&, int)':
src/torrent_handle.cpp:338:60: warning: 'void libtorrent::torrent_handle::set_peer_download_limit(boost::asio::ip::tcp::endpoint, int) const' is deprecated (declared at ../../include/libtorrent/torrent_handle.hpp:852) [-Wdeprecated-declarations]
     th.set_peer_download_limit(tuple_to_endpoint(ip), limit);
                                                            ^
gcc -pthread -DNDEBUG -g -fwrapv -O3 -Wall -Wstrict-prototypes -I/usr/include/ -lpthread -march=x86-64 -mtune=generic -O2 -pipe -fstack-protector-strong --param=ssp-buffer-size=4 -fvisibility=hidden -I/usr/include -D_FORTIFY_SOURCE=2 -fPIC -I/usr/include -I/usr/include -I../../include -I/usr/include/python3.4m -c src/session.cpp -o build/temp.linux-x86_64-3.4/src/session.o -DTORRENT_USE_OPENSSL -DBOOST_ASIO_HASH_MAP_BUCKETS=1021 -DBOOST_EXCEPTION_DISABLE -DBOOST_ASIO_ENABLE_CANCELIO -DBOOST_ASIO_DYN_LINK -DTORRENT_LINKING_SHARED -D_FORTIFY_SOURCE=2
cc1plus: warning: command line option '-Wstrict-prototypes' is valid for C/ObjC but not for C++
src/session.cpp: In function 'void {anonymous}::add_extension(libtorrent::session&, const boost::python::api::object&)':
src/session.cpp:82:29: warning: 'boost::shared_ptr<libtorrent::torrent_plugin> libtorrent::create_metadata_plugin(libtorrent::torrent*, void*)' is deprecated (declared at ../../include/libtorrent/extensions/metadata_transfer.hpp:62) [-Wdeprecated-declarations]
             s.add_extension(create_metadata_plugin);
                             ^
src/session.cpp: In function 'libtorrent::torrent_handle {anonymous}::add_torrent_depr(libtorrent::session&, const libtorrent::torrent_info&, const string&, const libtorrent::entry&, libtorrent::storage_mode_t, bool)':
src/session.cpp:175:97: warning: 'libtorrent::torrent_handle libtorrent::session::add_torrent(const libtorrent::torrent_info&, const string&, const libtorrent::entry&, libtorrent::storage_mode_t, bool, libtorrent::storage_constructor_type)' is deprecated (declared at ../../include/libtorrent/session.hpp:352) [-Wdeprecated-declarations]
         return s.add_torrent(ti, save, resume, storage_mode, paused, default_storage_constructor);
                                                                                                 ^
gcc -pthread -DNDEBUG -g -fwrapv -O3 -Wall -Wstrict-prototypes -I/usr/include/ -lpthread -march=x86-64 -mtune=generic -O2 -pipe -fstack-protector-strong --param=ssp-buffer-size=4 -fvisibility=hidden -I/usr/include -D_FORTIFY_SOURCE=2 -fPIC -I/usr/include -I/usr/include -I../../include -I/usr/include/python3.4m -c src/entry.cpp -o build/temp.linux-x86_64-3.4/src/entry.o -DTORRENT_USE_OPENSSL -DBOOST_ASIO_HASH_MAP_BUCKETS=1021 -DBOOST_EXCEPTION_DISABLE -DBOOST_ASIO_ENABLE_CANCELIO -DBOOST_ASIO_DYN_LINK -DTORRENT_LINKING_SHARED -D_FORTIFY_SOURCE=2
cc1plus: warning: command line option '-Wstrict-prototypes' is valid for C/ObjC but not for C++
gcc -pthread -DNDEBUG -g -fwrapv -O3 -Wall -Wstrict-prototypes -I/usr/include/ -lpthread -march=x86-64 -mtune=generic -O2 -pipe -fstack-protector-strong --param=ssp-buffer-size=4 -fvisibility=hidden -I/usr/include -D_FORTIFY_SOURCE=2 -fPIC -I/usr/include -I/usr/include -I../../include -I/usr/include/python3.4m -c src/converters.cpp -o build/temp.linux-x86_64-3.4/src/converters.o -DTORRENT_USE_OPENSSL -DBOOST_ASIO_HASH_MAP_BUCKETS=1021 -DBOOST_EXCEPTION_DISABLE -DBOOST_ASIO_ENABLE_CANCELIO -DBOOST_ASIO_DYN_LINK -DTORRENT_LINKING_SHARED -D_FORTIFY_SOURCE=2
cc1plus: warning: command line option '-Wstrict-prototypes' is valid for C/ObjC but not for C++
gcc -pthread -DNDEBUG -g -fwrapv -O3 -Wall -Wstrict-prototypes -I/usr/include/ -lpthread -march=x86-64 -mtune=generic -O2 -pipe -fstack-protector-strong --param=ssp-buffer-size=4 -fvisibility=hidden -I/usr/include -D_FORTIFY_SOURCE=2 -fPIC -I/usr/include -I/usr/include -I../../include -I/usr/include/python3.4m -c src/magnet_uri.cpp -o build/temp.linux-x86_64-3.4/src/magnet_uri.o -DTORRENT_USE_OPENSSL -DBOOST_ASIO_HASH_MAP_BUCKETS=1021 -DBOOST_EXCEPTION_DISABLE -DBOOST_ASIO_ENABLE_CANCELIO -DBOOST_ASIO_DYN_LINK -DTORRENT_LINKING_SHARED -D_FORTIFY_SOURCE=2
cc1plus: warning: command line option '-Wstrict-prototypes' is valid for C/ObjC but not for C++
gcc -pthread -DNDEBUG -g -fwrapv -O3 -Wall -Wstrict-prototypes -I/usr/include/ -lpthread -march=x86-64 -mtune=generic -O2 -pipe -fstack-protector-strong --param=ssp-buffer-size=4 -fvisibility=hidden -I/usr/include -D_FORTIFY_SOURCE=2 -fPIC -I/usr/include -I/usr/include -I../../include -I/usr/include/python3.4m -c src/datetime.cpp -o build/temp.linux-x86_64-3.4/src/datetime.o -DTORRENT_USE_OPENSSL -DBOOST_ASIO_HASH_MAP_BUCKETS=1021 -DBOOST_EXCEPTION_DISABLE -DBOOST_ASIO_ENABLE_CANCELIO -DBOOST_ASIO_DYN_LINK -DTORRENT_LINKING_SHARED -D_FORTIFY_SOURCE=2
cc1plus: warning: command line option '-Wstrict-prototypes' is valid for C/ObjC but not for C++
gcc -pthread -DNDEBUG -g -fwrapv -O3 -Wall -Wstrict-prototypes -I/usr/include/ -lpthread -march=x86-64 -mtune=generic -O2 -pipe -fstack-protector-strong --param=ssp-buffer-size=4 -fvisibility=hidden -I/usr/include -D_FORTIFY_SOURCE=2 -fPIC -I/usr/include -I/usr/include -I../../include -I/usr/include/python3.4m -c src/session_settings.cpp -o build/temp.linux-x86_64-3.4/src/session_settings.o -DTORRENT_USE_OPENSSL -DBOOST_ASIO_HASH_MAP_BUCKETS=1021 -DBOOST_EXCEPTION_DISABLE -DBOOST_ASIO_ENABLE_CANCELIO -DBOOST_ASIO_DYN_LINK -DTORRENT_LINKING_SHARED -D_FORTIFY_SOURCE=2
cc1plus: warning: command line option '-Wstrict-prototypes' is valid for C/ObjC but not for C++
creating build/lib.linux-x86_64-3.4
g++ -pthread -shared -Wl,-O1,--sort-common,--as-needed,-z,relro -L/usr/lib64 -Wl,-O1,--sort-common,--as-needed,-z,relro -fvisibility=hidden -fvisibility-inlines-hidden -L/usr/lib64 -Wl,-O1,--sort-common,--as-needed,-z,relro -fvisibility=hidden -fvisibility-inlines-hidden -I/usr/include/ -lpthread -march=x86-64 -mtune=generic -O2 -pipe -fstack-protector-strong --param=ssp-buffer-size=4 -fvisibility=hidden -I/usr/include -D_FORTIFY_SOURCE=2 build/temp.linux-x86_64-3.4/src/torrent_status.o build/temp.linux-x86_64-3.4/src/utility.o build/temp.linux-x86_64-3.4/src/peer_info.o build/temp.linux-x86_64-3.4/src/error_code.o build/temp.linux-x86_64-3.4/src/alert.o build/temp.linux-x86_64-3.4/src/module.o build/temp.linux-x86_64-3.4/src/big_number.o build/temp.linux-x86_64-3.4/src/fingerprint.o build/temp.linux-x86_64-3.4/src/create_torrent.o build/temp.linux-x86_64-3.4/src/ip_filter.o build/temp.linux-x86_64-3.4/src/torrent_info.o build/temp.linux-x86_64-3.4/src/version.o build/temp.linux-x86_64-3.4/src/string.o build/temp.linux-x86_64-3.4/src/torrent_handle.o build/temp.linux-x86_64-3.4/src/session.o build/temp.linux-x86_64-3.4/src/entry.o build/temp.linux-x86_64-3.4/src/converters.o build/temp.linux-x86_64-3.4/src/magnet_uri.o build/temp.linux-x86_64-3.4/src/datetime.o build/temp.linux-x86_64-3.4/src/session_settings.o -L/usr/lib -ltorrent-rasterbar -lGeoIP -lpthread -lboost_system -lboost_python3 -lpthread -lssl -lcrypto -lpython3.4m -o build/lib.linux-x86_64-3.4/libtorrent.cpython-34m.so -L../../src/.libs -L/usr/lib64 -L/usr/lib64 -Wl,-O1,--sort-common,--as-needed,-z,relro -fvisibility=hidden -fvisibility-inlines-hidden
make[2]: Leaving directory '/build/libtorrent-rasterbar-1/src/libtorrent-rasterbar-1.0.4/bindings/python'
make[2]: Entering directory '/build/libtorrent-rasterbar-1/src/libtorrent-rasterbar-1.0.4/bindings'
make[2]: Nothing to be done for 'all-am'.
make[2]: Leaving directory '/build/libtorrent-rasterbar-1/src/libtorrent-rasterbar-1.0.4/bindings'
make[1]: Leaving directory '/build/libtorrent-rasterbar-1/src/libtorrent-rasterbar-1.0.4/bindings'
Making all in tools
make[1]: Entering directory '/build/libtorrent-rasterbar-1/src/libtorrent-rasterbar-1.0.4/tools'
make[1]: Nothing to be done for 'all'.
make[1]: Leaving directory '/build/libtorrent-rasterbar-1/src/libtorrent-rasterbar-1.0.4/tools'
make[1]: Entering directory '/build/libtorrent-rasterbar-1/src/libtorrent-rasterbar-1.0.4'
make[1]: Nothing to be done for 'all-am'.
make[1]: Leaving directory '/build/libtorrent-rasterbar-1/src/libtorrent-rasterbar-1.0.4'
